<?xml version="1.0" encoding="UTF-8"?>
<!-- Generated by org.testng.reporters.JUnitXMLReporter -->
<testsuite ignored="2" hostname="Annam_Deepak" failures="2" tests="8" name="Test" time="5.32" errors="0" timestamp="2025-12-16T12:23:52 IST">
  <testcase classname="edu.qts.tests.ProductTest1" name="getProductById" time="2.564"/>
  <testcase classname="edu.qts.tests.ProductTest1" name="getProductCategories" time="0.334"/>
  <testcase classname="edu.qts.tests.ProductTest2" name="addProduct" time="0.411">
    <failure type="java.lang.AssertionError" message="1 expectation failed.
Response body doesn&amp;apos;t match expectation.
Expected: The content to match the given JSON schema.
error: object has missing required properties ([&amp;quot;title&amp;quot;])
    level: &amp;quot;error&amp;quot;
    schema: {&amp;quot;loadingURI&amp;quot;:&amp;quot;file:/D:/DummyJSONWithAIApproaches/DummyJSONAPIS/target/test-classes/schemas/json-schema-AddProduct.json#&amp;quot;,&amp;quot;pointer&amp;quot;:&amp;quot;&amp;quot;}
    instance: {&amp;quot;pointer&amp;quot;:&amp;quot;&amp;quot;}
    domain: &amp;quot;validation&amp;quot;
    keyword: &amp;quot;required&amp;quot;
    required: [&amp;quot;id&amp;quot;,&amp;quot;title&amp;quot;]
    missing: [&amp;quot;title&amp;quot;]

  Actual: {&amp;quot;id&amp;quot;:195}
">
      <![CDATA[java.lang.AssertionError: 1 expectation failed.
Response body doesn't match expectation.
Expected: The content to match the given JSON schema.
error: object has missing required properties (["title"])
    level: "error"
    schema: {"loadingURI":"file:/D:/DummyJSONWithAIApproaches/DummyJSONAPIS/target/test-classes/schemas/json-schema-AddProduct.json#","pointer":""}
    instance: {"pointer":""}
    domain: "validation"
    keyword: "required"
    required: ["id","title"]
    missing: ["title"]

  Actual: {"id":195}

at org.codehaus.groovy.runtime.callsite.ConstructorSite$ConstructorSiteNoUnwrapNoCoerce.callConstructor(ConstructorSite.java:108)
at org.codehaus.groovy.runtime.callsite.CallSiteArray.defaultCallConstructor(CallSiteArray.java:57)
at org.codehaus.groovy.runtime.callsite.AbstractCallSite.callConstructor(AbstractCallSite.java:263)
at org.codehaus.groovy.runtime.callsite.AbstractCallSite.callConstructor(AbstractCallSite.java:277)
at io.restassured.internal.ResponseSpecificationImpl$HamcrestAssertionClosure.validate(ResponseSpecificationImpl.groovy:512)
at io.restassured.internal.ResponseSpecificationImpl$HamcrestAssertionClosure$validate$1.call(Unknown Source)
at io.restassured.internal.ResponseSpecificationImpl.validateResponseIfRequired(ResponseSpecificationImpl.groovy:696)
at io.restassured.internal.ResponseSpecificationImpl.this$2$validateResponseIfRequired(ResponseSpecificationImpl.groovy)
at org.codehaus.groovy.runtime.callsite.PlainObjectMetaMethodSite.doInvoke(PlainObjectMetaMethodSite.java:43)
at org.codehaus.groovy.runtime.callsite.PogoMetaMethodSite$PogoCachedMethodSiteNoUnwrapNoCoerce.invoke(PogoMetaMethodSite.java:198)
at org.codehaus.groovy.runtime.callsite.PogoMetaMethodSite.callCurrent(PogoMetaMethodSite.java:62)
at org.codehaus.groovy.runtime.callsite.AbstractCallSite.callCurrent(AbstractCallSite.java:185)
at io.restassured.internal.ResponseSpecificationImpl.body(ResponseSpecificationImpl.groovy:107)
at io.restassured.internal.ValidatableResponseOptionsImpl.body(ValidatableResponseOptionsImpl.java:238)
at edu.qts.responsevalidation.ProductTest2ResponseValidation.validateAddProduct(ProductTest2ResponseValidation.java:20)
at edu.qts.tests.ProductTest2.addProduct(ProductTest2.java:21)
at java.base/java.util.ArrayList.forEach(ArrayList.java:1597)
... Removed 31 stack frames]]>
    </failure>
  </testcase> <!-- addProduct -->
  <testcase classname="edu.qts.tests.ProductTest2" name="deleteProductById" time="0.387"/>
  <testcase classname="edu.qts.tests.ProductTest2" name="updateProductById" time="0.359"/>
  <testcase classname="edu.qts.tests.ProductTest3" name="getProductCategoriesList" time="0.32"/>
  <testcase classname="edu.qts.tests.ProductTest3" name="selectProductPrice" time="0.358"/>
  <testcase classname="edu.qts.tests.ProductTest3" name="selectProductTitle" time="0.316">
    <failure type="java.lang.AssertionError" message="1 expectation failed.
Response body doesn&amp;apos;t match expectation.
Expected: The content to match the given JSON schema.
error: object has missing required properties ([&amp;quot;title&amp;quot;])
    level: &amp;quot;error&amp;quot;
    schema: {&amp;quot;loadingURI&amp;quot;:&amp;quot;file:/D:/DummyJSONWithAIApproaches/DummyJSONAPIS/target/test-classes/schemas/json-schema-SelectProductTitle.json#&amp;quot;,&amp;quot;pointer&amp;quot;:&amp;quot;/properties/products/items&amp;quot;}
    instance: {&amp;quot;pointer&amp;quot;:&amp;quot;/products/0&amp;quot;}
    domain: &amp;quot;validation&amp;quot;
    keyword: &amp;quot;required&amp;quot;
    required: [&amp;quot;id&amp;quot;,&amp;quot;title&amp;quot;]
    missing: [&amp;quot;title&amp;quot;]
error: object has missing required properties ([&amp;quot;title&amp;quot;])
    level: &amp;quot;error&amp;quot;
    schema: {&amp;quot;loadingURI&amp;quot;:&amp;quot;file:/D:/DummyJSONWithAIApproaches/DummyJSONAPIS/target/test-classes/schemas/json-schema-SelectProductTitle.json#&amp;quot;,&amp;quot;pointer&amp;quot;:&amp;quot;/properties/products/items&amp;quot;}
    instance: {&amp;quot;pointer&amp;quot;:&amp;quot;/products/1&amp;quot;}
    domain: &amp;quot;validation&amp;quot;
    keyword: &amp;quot;required&amp;quot;
    required: [&amp;quot;id&amp;quot;,&amp;quot;title&amp;quot;]
    missing: [&amp;quot;title&amp;quot;]
error: object has missing required properties ([&amp;quot;title&amp;quot;])
    level: &amp;quot;error&amp;quot;
    schema: {&amp;quot;loadingURI&amp;quot;:&amp;quot;file:/D:/DummyJSONWithAIApproaches/DummyJSONAPIS/target/test-classes/schemas/json-schema-SelectProductTitle.json#&amp;quot;,&amp;quot;pointer&amp;quot;:&amp;quot;/properties/products/items&amp;quot;}
    instance: {&amp;quot;pointer&amp;quot;:&amp;quot;/products/2&amp;quot;}
    domain: &amp;quot;validation&amp;quot;
    keyword: &amp;quot;required&amp;quot;
    required: [&amp;quot;id&amp;quot;,&amp;quot;title&amp;quot;]
    missing: [&amp;quot;title&amp;quot;]
error: object has missing required properties ([&amp;quot;title&amp;quot;])
    level: &amp;quot;error&amp;quot;
    schema: {&amp;quot;loadingURI&amp;quot;:&amp;quot;file:/D:/DummyJSONWithAIApproaches/DummyJSONAPIS/target/test-classes/schemas/json-schema-SelectProductTitle.json#&amp;quot;,&amp;quot;pointer&amp;quot;:&amp;quot;/properties/products/items&amp;quot;}
    instance: {&amp;quot;pointer&amp;quot;:&amp;quot;/products/3&amp;quot;}
    domain: &amp;quot;validation&amp;quot;
    keyword: &amp;quot;required&amp;quot;
    required: [&amp;quot;id&amp;quot;,&amp;quot;title&amp;quot;]
    missing: [&amp;quot;title&amp;quot;]

  Actual: {&amp;quot;products&amp;quot;:[{&amp;quot;id&amp;quot;:1},{&amp;quot;id&amp;quot;:2},{&amp;quot;id&amp;quot;:3},{&amp;quot;id&amp;quot;:4}],&amp;quot;total&amp;quot;:194,&amp;quot;skip&amp;quot;:0,&amp;quot;limit&amp;quot;:4}
">
      <![CDATA[java.lang.AssertionError: 1 expectation failed.
Response body doesn't match expectation.
Expected: The content to match the given JSON schema.
error: object has missing required properties (["title"])
    level: "error"
    schema: {"loadingURI":"file:/D:/DummyJSONWithAIApproaches/DummyJSONAPIS/target/test-classes/schemas/json-schema-SelectProductTitle.json#","pointer":"/properties/products/items"}
    instance: {"pointer":"/products/0"}
    domain: "validation"
    keyword: "required"
    required: ["id","title"]
    missing: ["title"]
error: object has missing required properties (["title"])
    level: "error"
    schema: {"loadingURI":"file:/D:/DummyJSONWithAIApproaches/DummyJSONAPIS/target/test-classes/schemas/json-schema-SelectProductTitle.json#","pointer":"/properties/products/items"}
    instance: {"pointer":"/products/1"}
    domain: "validation"
    keyword: "required"
    required: ["id","title"]
    missing: ["title"]
error: object has missing required properties (["title"])
    level: "error"
    schema: {"loadingURI":"file:/D:/DummyJSONWithAIApproaches/DummyJSONAPIS/target/test-classes/schemas/json-schema-SelectProductTitle.json#","pointer":"/properties/products/items"}
    instance: {"pointer":"/products/2"}
    domain: "validation"
    keyword: "required"
    required: ["id","title"]
    missing: ["title"]
error: object has missing required properties (["title"])
    level: "error"
    schema: {"loadingURI":"file:/D:/DummyJSONWithAIApproaches/DummyJSONAPIS/target/test-classes/schemas/json-schema-SelectProductTitle.json#","pointer":"/properties/products/items"}
    instance: {"pointer":"/products/3"}
    domain: "validation"
    keyword: "required"
    required: ["id","title"]
    missing: ["title"]

  Actual: {"products":[{"id":1},{"id":2},{"id":3},{"id":4}],"total":194,"skip":0,"limit":4}

at org.codehaus.groovy.runtime.callsite.ConstructorSite$ConstructorSiteNoUnwrapNoCoerce.callConstructor(ConstructorSite.java:108)
at org.codehaus.groovy.runtime.callsite.AbstractCallSite.callConstructor(AbstractCallSite.java:277)
at io.restassured.internal.ResponseSpecificationImpl$HamcrestAssertionClosure.validate(ResponseSpecificationImpl.groovy:512)
at io.restassured.internal.ResponseSpecificationImpl$HamcrestAssertionClosure$validate$1.call(Unknown Source)
at io.restassured.internal.ResponseSpecificationImpl.validateResponseIfRequired(ResponseSpecificationImpl.groovy:696)
at io.restassured.internal.ResponseSpecificationImpl.this$2$validateResponseIfRequired(ResponseSpecificationImpl.groovy)
at org.codehaus.groovy.runtime.callsite.PlainObjectMetaMethodSite.doInvoke(PlainObjectMetaMethodSite.java:43)
at org.codehaus.groovy.runtime.callsite.PogoMetaMethodSite$PogoCachedMethodSiteNoUnwrapNoCoerce.invoke(PogoMetaMethodSite.java:198)
at org.codehaus.groovy.runtime.callsite.PogoMetaMethodSite.callCurrent(PogoMetaMethodSite.java:62)
at org.codehaus.groovy.runtime.callsite.AbstractCallSite.callCurrent(AbstractCallSite.java:185)
at io.restassured.internal.ResponseSpecificationImpl.body(ResponseSpecificationImpl.groovy:107)
at io.restassured.internal.ValidatableResponseOptionsImpl.body(ValidatableResponseOptionsImpl.java:238)
at edu.qts.responsevalidation.ProductTest3ResponseValidation.validateSelectproductTitle(ProductTest3ResponseValidation.java:30)
at edu.qts.tests.ProductTest3.selectProductTitle(ProductTest3.java:31)
at java.base/java.util.ArrayList.forEach(ArrayList.java:1597)
... Removed 31 stack frames]]>
    </failure>
  </testcase> <!-- selectProductTitle -->
  <testcase classname="edu.qts.tests.ProductTest1" name="getProductsByLimit" time="0.0">
    <ignored/>
  </testcase> <!-- getProductsByLimit -->
  <testcase classname="edu.qts.tests.BaseApiTest" name="@BeforeSuite globalSetup" time="0.0">
    <ignored/>
  </testcase> <!-- @BeforeSuite globalSetup -->
</testsuite> <!-- Test -->
