====================================================================================================
    ğŸ¤– REST ASSURED TEST FAILURE ANALYSIS REPORT WITH AI
====================================================================================================
Generated: 2025-12-02 14:28:59
Total Failed Tests: 1
Analysis Method: Batch AI Processing with Complete Context
Tests with Request/Response: 0/1
Tests with Schema Data: 0/1
====================================================================================================

ğŸ“Š FAILURE SUMMARY
--------------------------------------------------
1. GetProductById [GET https://dummyjson.com/produ... -> 200] [2025-12-02 14:28:40]

====================================================================================================

ğŸ” FAILURE ANALYSIS #1
--------------------------------------------------------------------------------
Test Method: GetProductById
Test Class: edu.qts.tests.ProductTest1
Full Test Name: edu.qts.tests.ProductTest1.GetProductById
Failure Time: 2025-12-02 14:28:40
YAML File: GetProductById.yaml

ğŸŒ API CALL DETAILS
----------------------------------------
HTTP Method: GET
Endpoint: https://dummyjson.com/products/3
Actual Status Code: 200
Response Time: 827 ms

ğŸ¤– AI ANALYSIS:
----------------------------------------
ğŸ¤– GEMINI AI - DEEP ANALYSIS
â”â”â”â”â”â”â”â”â”â”â”â”â”â”â”â”â”â”â”â”â”â”â”â”â”â”â”â”â”â”â”â”â”â”â”â”â”â”â”â”â”â”â”â”â”â”â”â”â”â”â”â”â”â”â”â”â”â”â”â”

   1.GetProductById
   :Root Cause: The test automation framework failed to load the expected response schema from the API specification file, resulting in a "Schema to use cannot be null" error during the validation step.
ğŸ“‹ Header Issues: None

â“ Query Parameter Issues: None

ğŸ›£ï¸  Path Parameter Issues: None

ğŸ“¤ Request Body Issues: None. GET requests do not have a request body.

ğŸ“¥ Response Body Issues: Analysis could not be performed. The test failed because the schema definition was missing, preventing any comparison against the actual response body.

âš ï¸  Schema Violations: The primary failure is a test setup error: the schema object provided to the validator was `null`. This prevented any actual JSON schema validation against the response payload.
ğŸ“Š Status Code Analysis: The `Actual=200` is a correct and successful response for a GET request. The `Expected=null` indicates that the test framework could not find a defined expected status code for this endpoint in the OpenAPI/Swagger specification, which points to an incomplete or incorrectly referenced API contract.

ğŸ”§ Exact Fix:
   â€¢ Ensure the OpenAPI/Swagger specification file (e.g., `openapi.yaml`) has a complete definition for the `GET /products/{id}` endpoint.
   â€¢ Under this endpoint's `responses` section, add or correct the entry for the `200` status code to properly reference the response schema.
   â€¢ Example Fix in YAML:
   ```yaml
   paths:
   /products/{id}:
   get:
   summary: Get a single product
   responses:
   '200': # This section was likely missing or misconfigured
   description: OK
   content:
   application/json:
   schema:
   $ref: '#/components/schemas/Product'
   ```
ğŸ“ Fix Location: The project's OpenAPI/Swagger specification file (e.g., `openapi.yaml` or `swagger.json`).

ğŸ›¡ï¸  Prevention: Implement a CI/CD pipeline step that "lints" or validates the OpenAPI specification before running tests. This ensures that all endpoints covered by automated tests have corresponding and valid schema definitions.

â”â”â”â”â”â”â”â”â”â”â”â”â”â”â”â”â”â”â”â”â”â”â”â”â”â”â”â”â”â”â”â”â”â”â”â”â”â”â”â”â”â”â”â”â”â”â”â”â”â”â”â”â”â”â”â”â”â”â”â”



ğŸ“¤ REQUEST DATA SENT
----------------------------------------
Headers:
  Accept: */*
  

ğŸ“¥ RESPONSE DATA RECEIVED
----------------------------------------
Headers:
  Date: Tue, 02 Dec 2025 08:58:40 GMT
  Content-Type: application/json; charset=utf-8
  Transfer-Encoding: chunked
  Connection: keep-alive
  Server: cloudflare
  x-ratelimit-limit: 100
  x-ratelimit-remaining: 99
  x-ratelimit-reset: 1764665923
  x-dns-prefetch-control: off
  x-frame-options: SAMEORIGIN
  strict-transport-security: max-age=15552000; includeSubDomains
  x-download-options: noopen
  x-content-type-options: nosniff
  x-xss-protection: 1; mode=block
  access-control-allow-origin: *
  etag: W/"5bd-sY7TOktqlqsebFw/6Iw32ZCeSF0"
  vary: Accept-Encoding
  Report-To: {"group":"cf-nel","max_age":604800,"endpoints":[{"url":"https://a.nel.cloudflare.com/report/v4?s=uHfKRM2fTDEaTqP6wTRdPa0ZsDRq8yT15%2FTAx%2BXPapE1qPH6ztrDhigAghZOV8eFSzfFek98k%2Bgn%2FVNrZ3uUAFDa8plrxtGC6v5Y"}]}
  cf-cache-status: DYNAMIC
  Nel: {"report_to":"cf-nel","success_fraction":0.0,"max_age":604800}
  Content-Encoding: gzip
  CF-RAY: 9a799faecba11431-MAA
  
Body:
  {
    "id" : 3,
    "title" : "Powder Canister",
    "description" : "The Powder Canister is a finely milled setting powder designed to set makeup and control shine. With a lightweight and translucent formula, it provides a smooth and matte finish.",
    "category" : "beauty",
    "price" : 14.99,
    "discountPercentage" : 9.84,
    "rating" : 4.64,
    "stock" : 89,
    "tags" : [ "beauty", "face powder" ],
    "brand" : "Velvet Touch",
    "sku" : "BEA-VEL-POW-003",
    "weight" : 8,
    "dimensions" : {
      "width" : 29.27,
      "height" : 27.93,
      "depth" : 20.59
    },
    "warrantyInformation" : "3 months warranty",
    "shippingInformation" : "Ships in 1-2 business days",
    "availabilityStatus" : "In Stock",
    "reviews" : [ {
      "rating" : 4,
      "comment" : "Would buy again!",
      "date" : "2025-04-30T09:41:02.053Z",
      "reviewerName" : "Alexander Jones",
      "reviewerEmail" : "alexander.jones@x.dummyjson.com"
    }, {
      "rating" : 5,
      "comment" : "Highly impressed!",
      "date" : "2025-04-30T09:41:02.053Z",
      "reviewerName" : "Elijah Cruz",
      "reviewerEmail" : "elijah.cruz@x.dummyjson.com"
    }, {
      "rating" : 1,
      "comment" : "Very dissatisfied!",
      "date" : "2025-04-30T09:41:02.053Z",
      "reviewerName" : "Avery Perez",
      "reviewerEmail" : "avery.perez@x.dummyjson.com"
    } ],
    "returnPolicy" : "No return policy",
    "minimumOrderQuantity" : 22,
    "meta" : {
      "createdAt" : "2025-04-30T09:41:02.053Z",
      "updatedAt" : "2025-04-30T09:41:02.053Z",
      "barcode" : "8418883906837",
      "qrCode" : "https://cdn.dummyjson.com/public/qr-code.png"
    },
    "images" : [ "https://cdn.dummyjson.com/product-images/beauty/powder-canister/1.webp" ],
    "thumbnail" : "https://cdn.dummyjson.com/product-images/beauty/powder-canister/thumbnail.webp"
  }

âŒ ERROR DETAILS:
----------------------------------------
Schema to use cannot be null

ğŸ“‹ STACK TRACE (First 20 lines):
----------------------------------------
java.lang.IllegalArgumentException: Schema to use cannot be null
	at io.restassured.module.jsv.JsonSchemaValidator.validateSchemaIsNotNull(JsonSchemaValidator.java:270)
	at io.restassured.module.jsv.JsonSchemaValidator.access$300(JsonSchemaValidator.java:75)
	at io.restassured.module.jsv.JsonSchemaValidator$JsonSchemaValidatorFactory.create(JsonSchemaValidator.java:281)
	at io.restassured.module.jsv.JsonSchemaValidator.matchesJsonSchema(JsonSchemaValidator.java:166)
	at io.restassured.module.jsv.JsonSchemaValidator.matchesJsonSchemaInClasspath(JsonSchemaValidator.java:117)
	at edu.qts.responsevalidation.ProductTest1ResponseValidation.validateGetProductById(ProductTest1ResponseValidation.java:17)
	at edu.qts.tests.ProductTest1.GetProductById(ProductTest1.java:23)
	at java.base/jdk.internal.reflect.NativeMethodAccessorImpl.invoke0(Native Method)
	at java.base/jdk.internal.reflect.NativeMethodAccessorImpl.invoke(NativeMethodAccessorImpl.java:77)
	at java.base/jdk.internal.reflect.DelegatingMethodAccessorImpl.invoke(DelegatingMethodAccessorImpl.java:43)
	at java.base/java.lang.reflect.Method.invoke(Method.java:569)
	at org.testng.internal.invokers.MethodInvocationHelper.invokeMethod(MethodInvocationHelper.java:141)
	at org.testng.internal.invokers.TestInvoker.invokeMethod(TestInvoker.java:686)
	at org.testng.internal.invokers.TestInvoker.invokeTestMethod(TestInvoker.java:230)
	at org.testng.internal.invokers.MethodRunner.runInSequence(MethodRunner.java:63)
	at org.testng.internal.invokers.TestInvoker$MethodInvocationAgent.invoke(TestInvoker.java:992)
	at org.testng.internal.invokers.TestInvoker.invokeTestMethods(TestInvoker.java:203)
	at org.testng.internal.invokers.TestMethodWorker.invokeTestMethods(TestMethodWorker.java:154)
	at org.testng.internal.invokers.TestMethodWorker.run(TestMethodWorker.java:134)
... (truncated - see logs for full stack trace)

====================================================================================================

ğŸ“‹ REPORT FOOTER
--------------------------------------------------
This comprehensive report was generated using AI-powered test failure analysis.
Analysis includes: Request/Response data, YAML schemas, and AI insights.
For questions or issues, please contact the QA automation team.
Report generated at: 2025-12-02 14:28:59
====================================================================================================