{
  "suiteName": "DummyJSON Products Suite",
  "suiteStartTime": "2025-12-16 12:23:45",
  "suiteEndTime": "2025-12-16 12:24:10",
  "totalTests": 8,
  "passed": 6,
  "failed": 2,
  "skipped": 0,
  "totalDuration": 5049,
  "passRate": 75.0,
  "tests": [
    {
      "testName": "getProductCategories",
      "className": "edu.qts.tests.ProductTest1",
      "status": "PASSED",
      "duration": 334,
      "startTime": "2025-12-16 12:23:49",
      "endTime": "2025-12-16 12:23:49",
      "description": "Retrieves products grouped under a specific category.",
      "authors": [
        "Deepak-Annam"
      ],
      "devices": [
        "Windows11Laptop"
      ],
      "categories": [
        "GET"
      ],
      "priority": 1
    },
    {
      "testName": "deleteProductById",
      "className": "edu.qts.tests.ProductTest2",
      "status": "PASSED",
      "duration": 387,
      "startTime": "2025-12-16 12:23:50",
      "endTime": "2025-12-16 12:23:50",
      "description": "Deletes a product based on the ID and returns the deleted product details with delete status.",
      "authors": [
        "Deepak-Annam"
      ],
      "devices": [
        "Windows11Laptop"
      ],
      "categories": [
        "DELETE"
      ],
      "priority": 0
    },
    {
      "testName": "updateProductById",
      "className": "edu.qts.tests.ProductTest2",
      "status": "PASSED",
      "duration": 359,
      "startTime": "2025-12-16 12:23:50",
      "endTime": "2025-12-16 12:23:51",
      "description": "Updates product fields (price, title, stock, etc.) for the specified product ID.",
      "authors": [
        "Deepak-Annam"
      ],
      "devices": [
        "Windows11Laptop"
      ],
      "categories": [
        "PUT"
      ],
      "priority": 0
    },
    {
      "testName": "selectProductPrice",
      "className": "edu.qts.tests.ProductTest3",
      "status": "PASSED",
      "duration": 358,
      "startTime": "2025-12-16 12:23:51",
      "endTime": "2025-12-16 12:23:51",
      "description": "Fetches product prices only (subset of product data), used for price comparison or validation.",
      "authors": [
        "Deepak-Annam"
      ],
      "devices": [
        "Windows11Laptop"
      ],
      "categories": [
        "GET"
      ],
      "priority": 0
    },
    {
      "testName": "getProductById",
      "className": "edu.qts.tests.ProductTest1",
      "status": "PASSED",
      "duration": 2564,
      "startTime": "2025-12-16 12:23:46",
      "endTime": "2025-12-16 12:23:49",
      "description": "Retrieves a paginated list of products based on the specified limit parameter.",
      "authors": [
        "Deepak-Annam"
      ],
      "devices": [
        "Windows11Laptop"
      ],
      "categories": [
        "GET"
      ],
      "priority": 0
    },
    {
      "testName": "getProductCategoriesList",
      "className": "edu.qts.tests.ProductTest3",
      "status": "PASSED",
      "duration": 320,
      "startTime": "2025-12-16 12:23:51",
      "endTime": "2025-12-16 12:23:51",
      "description": "Retrieves the complete list of all product categories available in the system.",
      "authors": [
        "Deepak-Annam"
      ],
      "devices": [
        "Windows11Laptop"
      ],
      "categories": [
        "GET"
      ],
      "priority": 0
    },
    {
      "testName": "selectProductTitle",
      "className": "edu.qts.tests.ProductTest3",
      "status": "FAILED",
      "duration": 316,
      "startTime": "2025-12-16 12:23:51",
      "endTime": "2025-12-16 12:23:52",
      "description": "Returns the product titles only (subset of product data), useful for filtering and UI validation.",
      "authors": [
        "Deepak-Annam"
      ],
      "devices": [
        "Windows11Laptop"
      ],
      "categories": [
        "GET"
      ],
      "priority": 0,
      "errorMessage": "1 expectation failed.\nResponse body doesn\u0027t match expectation.\nExpected: The content to match the given JSON schema.\nerror: object has missing required properties ([\"title\"])\n    level: \"error\"\n    schema: {\"loadingURI\":\"file:/D:/DummyJSONWithAIApproaches/DummyJSONAPIS/target/test-classes/schemas/json-schema-SelectProductTitle.json#\",\"pointer\":\"/properties/products/items\"}\n    instance: {\"pointer\":\"/products/0\"}\n    domain: \"validation\"\n    keyword: \"required\"\n    required: [\"id\",\"title\"]\n    missing: [\"title\"]\nerror: object has missing required properties ([\"title\"])\n    level: \"error\"\n    schema: {\"loadingURI\":\"file:/D:/DummyJSONWithAIApproaches/DummyJSONAPIS/target/test-classes/schemas/json-schema-SelectProductTitle.json#\",\"pointer\":\"/properties/products/items\"}\n    instance: {\"pointer\":\"/products/1\"}\n    domain: \"validation\"\n    keyword: \"required\"\n    required: [\"id\",\"title\"]\n    missing: [\"title\"]\nerror: object has missing required properties ([\"title\"])\n    level: \"error\"\n    schema: {\"loadingURI\":\"file:/D:/DummyJSONWithAIApproaches/DummyJSONAPIS/target/test-classes/schemas/json-schema-SelectProductTitle.json#\",\"pointer\":\"/properties/products/items\"}\n    instance: {\"pointer\":\"/products/2\"}\n    domain: \"validation\"\n    keyword: \"required\"\n    required: [\"id\",\"title\"]\n    missing: [\"title\"]\nerror: object has missing required properties ([\"title\"])\n    level: \"error\"\n    schema: {\"loadingURI\":\"file:/D:/DummyJSONWithAIApproaches/DummyJSONAPIS/target/test-classes/schemas/json-schema-SelectProductTitle.json#\",\"pointer\":\"/properties/products/items\"}\n    instance: {\"pointer\":\"/products/3\"}\n    domain: \"validation\"\n    keyword: \"required\"\n    required: [\"id\",\"title\"]\n    missing: [\"title\"]\n\n  Actual: {\"products\":[{\"id\":1},{\"id\":2},{\"id\":3},{\"id\":4}],\"total\":194,\"skip\":0,\"limit\":4}\n",
      "stackTrace": "java.lang.AssertionError: 1 expectation failed.\nResponse body doesn\u0027t match expectation.\nExpected: The content to match the given JSON schema.\nerror: object has missing required properties ([\"title\"])\n    level: \"error\"\n    schema: {\"loadingURI\":\"file:/D:/DummyJSONWithAIApproaches/DummyJSONAPIS/target/test-classes/schemas/json-schema-SelectProductTitle.json#\",\"pointer\":\"/properties/products/items\"}\n    instance: {\"pointer\":\"/products/0\"}\n    domain: \"validation\"\n    keyword: \"required\"\n    required: [\"id\",\"title\"]\n    missing: [\"title\"]\nerror: object has missing required properties ([\"title\"])\n    level: \"error\"\n    schema: {\"loadingURI\":\"file:/D:/DummyJSONWithAIApproaches/DummyJSONAPIS/target/test-classes/schemas/json-schema-SelectProductTitle.json#\",\"pointer\":\"/properties/products/items\"}\n    instance: {\"pointer\":\"/products/1\"}\n    domain: \"validation\"\n    keyword: \"required\"\n    required: [\"id\",\"title\"]\n    missing: [\"title\"]\nerror: object has missing required properties ([\"title\"])\n    level: \"error\"\n    schema: {\"loadingURI\":\"file:/D:/DummyJSONWithAIApproaches/DummyJSONAPIS/target/test-classes/schemas/json-schema-SelectProductTitle.json#\",\"pointer\":\"/properties/products/items\"}\n    instance: {\"pointer\":\"/products/2\"}\n    domain: \"validation\"\n    keyword: \"required\"\n    required: [\"id\",\"title\"]\n    missing: [\"title\"]\nerror: object has missing required properties ([\"title\"])\n    level: \"error\"\n    schema: {\"loadingURI\":\"file:/D:/DummyJSONWithAIApproaches/DummyJSONAPIS/target/test-classes/schemas/json-schema-SelectProductTitle.json#\",\"pointer\":\"/properties/products/items\"}\n    instance: {\"pointer\":\"/products/3\"}\n    domain: \"validation\"\n    keyword: \"required\"\n    required: [\"id\",\"title\"]\n    missing: [\"title\"]\n\n  Actual: {\"products\":[{\"id\":1},{\"id\":2},{\"id\":3},{\"id\":4}],\"total\":194,\"skip\":0,\"limit\":4}\n\r\n\tat java.base/jdk.internal.reflect.DirectConstructorHandleAccessor.newInstance(DirectConstructorHandleAccessor.java:62)\r\n\tat java.base/java.lang.reflect.Constructor.newInstanceWithCaller(Constructor.java:502)\r\n\tat java.base/java.lang.reflect.Constructor.newInstance(Constructor.java:486)\r\n\tat org.codehaus.groovy.reflection.CachedConstructor.invoke(CachedConstructor.java:73)\r\n\tat org.codehaus.groovy.runtime.callsite.ConstructorSite$ConstructorSiteNoUnwrapNoCoerce.callConstructor(ConstructorSite.java:108)\r\n\tat org.codehaus.groovy.runtime.callsite.AbstractCallSite.callConstructor(AbstractCallSite.java:277)\r\n\tat io.restassured.internal.ResponseSpecificationImpl$HamcrestAssertionClosure.validate(ResponseSpecificationImpl.groovy:512)\r\n\tat io.restassured.internal.ResponseSpecificationImpl$HamcrestAssertionClosure$validate$1.call(Unknown Source)\r\n\tat io.restassured.internal.ResponseSpecificationImpl.validateResponseIfRequired(ResponseSpecificationImpl.groovy:696)\r\n\tat io.restassured.internal.ResponseSpecificationImpl.this$2$validateResponseIfRequired(ResponseSpecificationImpl.groovy)\r\n\tat java.base/jdk.internal.reflect.DirectMethodHandleAccessor.invoke(DirectMethodHandleAccessor.java:103)\r\n\tat java.base/java.lang.reflect.Method.invoke(Method.java:580)\r\n\tat org.codehaus.groovy.runtime.callsite.PlainObjectMetaMethodSite.doInvoke(PlainObjectMetaMethodSite.java:43)\r\n\tat org.codehaus.groovy.runtime.callsite.PogoMetaMethodSite$PogoCachedMethodSiteNoUnwrapNoCoerce.invoke(PogoMetaMethodSite.java:198)\r\n\tat org.codehaus.groovy.runtime.callsite.PogoMetaMethodSite.callCurrent(PogoMetaMethodSite.java:62)\r\n\tat org.codehaus.groovy.runtime.callsite.AbstractCallSite.callCurrent(AbstractCallSite.java:185)\r\n\tat io.restassured.internal.ResponseSpecificationImpl.body(ResponseSpecificationImpl.groovy:107)\r\n\tat io.restassured.internal.ValidatableResponseOptionsImpl.body(ValidatableResponseOptionsImpl.java:238)\r\n\tat edu.qts.responsevalidation.ProductTest3ResponseValidation.validateSelectproductTitle(ProductTest3ResponseValidation.java:30)\r\n\tat edu.qts.tests.ProductTest3.selectProductTitle(ProductTest3.java:31)\r\n\tat java.base/jdk.internal.reflect.DirectMethodHandleAccessor.invoke(DirectMethodHandleAccessor.java:103)\r\n\tat java.base/java.lang.reflect.Method.invoke(Method.java:580)\r\n\tat org.testng.internal.invokers.MethodInvocationHelper.invokeMethod(MethodInvocationHelper.java:141)\r\n\tat org.testng.internal.invokers.TestInvoker.invokeMethod(TestInvoker.java:686)\r\n\tat org.testng.internal.invokers.TestInvoker.invokeTestMethod(TestInvoker.java:230)\r\n\tat org.testng.internal.invokers.MethodRunner.runInSequence(MethodRunner.java:63)\r\n\tat org.testng.internal.invokers.TestInvoker$MethodInvocationAgent.invoke(TestInvoker.java:992)\r\n\tat org.testng.internal.invokers.TestInvoker.invokeTestMethods(TestInvoker.java:203)\r\n\tat org.testng.internal.invokers.TestMethodWorker.invokeTestMethods(TestMethodWorker.java:154)\r\n\tat org.testng.internal.invokers.TestMethodWorker.run(TestMethodWorker.java:134)\r\n\tat java.base/java.util.ArrayList.forEach(ArrayList.java:1597)\r\n\tat org.testng.TestRunner.privateRun(TestRunner.java:739)\r\n\tat org.testng.TestRunner.run(TestRunner.java:614)\r\n\tat org.testng.SuiteRunner.runTest(SuiteRunner.java:421)\r\n\tat org.testng.SuiteRunner.runSequentially(SuiteRunner.java:413)\r\n\tat org.testng.SuiteRunner.privateRun(SuiteRunner.java:373)\r\n\tat org.testng.SuiteRunner.run(SuiteRunner.java:312)\r\n\tat org.testng.SuiteRunnerWorker.runSuite(SuiteRunnerWorker.java:52)\r\n\tat org.testng.SuiteRunnerWorker.run(SuiteRunnerWorker.java:95)\r\n\tat org.testng.TestNG.runSuitesSequentially(TestNG.java:1274)\r\n\tat org.testng.TestNG.runSuitesLocally(TestNG.java:1208)\r\n\tat org.testng.TestNG.runSuites(TestNG.java:1112)\r\n\tat org.testng.TestNG.run(TestNG.java:1079)\r\n\tat org.testng.remote.AbstractRemoteTestNG.run(AbstractRemoteTestNG.java:115)\r\n\tat org.testng.remote.RemoteTestNG.initAndRun(RemoteTestNG.java:293)\r\n\tat org.testng.remote.RemoteTestNG.main(RemoteTestNG.java:91)\r\n"
    },
    {
      "testName": "addProduct",
      "className": "edu.qts.tests.ProductTest2",
      "status": "FAILED",
      "duration": 411,
      "startTime": "2025-12-16 12:23:49",
      "endTime": "2025-12-16 12:23:50",
      "description": "Creates a new product with the given payload and returns the newly added product details.",
      "authors": [
        "Deepak-Annam"
      ],
      "devices": [
        "Windows11Laptop"
      ],
      "categories": [
        "POST"
      ],
      "priority": 0,
      "errorMessage": "1 expectation failed.\nResponse body doesn\u0027t match expectation.\nExpected: The content to match the given JSON schema.\nerror: object has missing required properties ([\"title\"])\n    level: \"error\"\n    schema: {\"loadingURI\":\"file:/D:/DummyJSONWithAIApproaches/DummyJSONAPIS/target/test-classes/schemas/json-schema-AddProduct.json#\",\"pointer\":\"\"}\n    instance: {\"pointer\":\"\"}\n    domain: \"validation\"\n    keyword: \"required\"\n    required: [\"id\",\"title\"]\n    missing: [\"title\"]\n\n  Actual: {\"id\":195}\n",
      "stackTrace": "java.lang.AssertionError: 1 expectation failed.\nResponse body doesn\u0027t match expectation.\nExpected: The content to match the given JSON schema.\nerror: object has missing required properties ([\"title\"])\n    level: \"error\"\n    schema: {\"loadingURI\":\"file:/D:/DummyJSONWithAIApproaches/DummyJSONAPIS/target/test-classes/schemas/json-schema-AddProduct.json#\",\"pointer\":\"\"}\n    instance: {\"pointer\":\"\"}\n    domain: \"validation\"\n    keyword: \"required\"\n    required: [\"id\",\"title\"]\n    missing: [\"title\"]\n\n  Actual: {\"id\":195}\n\r\n\tat java.base/jdk.internal.reflect.DirectConstructorHandleAccessor.newInstance(DirectConstructorHandleAccessor.java:62)\r\n\tat java.base/java.lang.reflect.Constructor.newInstanceWithCaller(Constructor.java:502)\r\n\tat java.base/java.lang.reflect.Constructor.newInstance(Constructor.java:486)\r\n\tat org.codehaus.groovy.reflection.CachedConstructor.invoke(CachedConstructor.java:73)\r\n\tat org.codehaus.groovy.runtime.callsite.ConstructorSite$ConstructorSiteNoUnwrapNoCoerce.callConstructor(ConstructorSite.java:108)\r\n\tat org.codehaus.groovy.runtime.callsite.CallSiteArray.defaultCallConstructor(CallSiteArray.java:57)\r\n\tat org.codehaus.groovy.runtime.callsite.AbstractCallSite.callConstructor(AbstractCallSite.java:263)\r\n\tat org.codehaus.groovy.runtime.callsite.AbstractCallSite.callConstructor(AbstractCallSite.java:277)\r\n\tat io.restassured.internal.ResponseSpecificationImpl$HamcrestAssertionClosure.validate(ResponseSpecificationImpl.groovy:512)\r\n\tat io.restassured.internal.ResponseSpecificationImpl$HamcrestAssertionClosure$validate$1.call(Unknown Source)\r\n\tat io.restassured.internal.ResponseSpecificationImpl.validateResponseIfRequired(ResponseSpecificationImpl.groovy:696)\r\n\tat io.restassured.internal.ResponseSpecificationImpl.this$2$validateResponseIfRequired(ResponseSpecificationImpl.groovy)\r\n\tat java.base/jdk.internal.reflect.DirectMethodHandleAccessor.invoke(DirectMethodHandleAccessor.java:103)\r\n\tat java.base/java.lang.reflect.Method.invoke(Method.java:580)\r\n\tat org.codehaus.groovy.runtime.callsite.PlainObjectMetaMethodSite.doInvoke(PlainObjectMetaMethodSite.java:43)\r\n\tat org.codehaus.groovy.runtime.callsite.PogoMetaMethodSite$PogoCachedMethodSiteNoUnwrapNoCoerce.invoke(PogoMetaMethodSite.java:198)\r\n\tat org.codehaus.groovy.runtime.callsite.PogoMetaMethodSite.callCurrent(PogoMetaMethodSite.java:62)\r\n\tat org.codehaus.groovy.runtime.callsite.AbstractCallSite.callCurrent(AbstractCallSite.java:185)\r\n\tat io.restassured.internal.ResponseSpecificationImpl.body(ResponseSpecificationImpl.groovy:107)\r\n\tat io.restassured.internal.ValidatableResponseOptionsImpl.body(ValidatableResponseOptionsImpl.java:238)\r\n\tat edu.qts.responsevalidation.ProductTest2ResponseValidation.validateAddProduct(ProductTest2ResponseValidation.java:20)\r\n\tat edu.qts.tests.ProductTest2.addProduct(ProductTest2.java:21)\r\n\tat java.base/jdk.internal.reflect.DirectMethodHandleAccessor.invoke(DirectMethodHandleAccessor.java:103)\r\n\tat java.base/java.lang.reflect.Method.invoke(Method.java:580)\r\n\tat org.testng.internal.invokers.MethodInvocationHelper.invokeMethod(MethodInvocationHelper.java:141)\r\n\tat org.testng.internal.invokers.TestInvoker.invokeMethod(TestInvoker.java:686)\r\n\tat org.testng.internal.invokers.TestInvoker.invokeTestMethod(TestInvoker.java:230)\r\n\tat org.testng.internal.invokers.MethodRunner.runInSequence(MethodRunner.java:63)\r\n\tat org.testng.internal.invokers.TestInvoker$MethodInvocationAgent.invoke(TestInvoker.java:992)\r\n\tat org.testng.internal.invokers.TestInvoker.invokeTestMethods(TestInvoker.java:203)\r\n\tat org.testng.internal.invokers.TestMethodWorker.invokeTestMethods(TestMethodWorker.java:154)\r\n\tat org.testng.internal.invokers.TestMethodWorker.run(TestMethodWorker.java:134)\r\n\tat java.base/java.util.ArrayList.forEach(ArrayList.java:1597)\r\n\tat org.testng.TestRunner.privateRun(TestRunner.java:739)\r\n\tat org.testng.TestRunner.run(TestRunner.java:614)\r\n\tat org.testng.SuiteRunner.runTest(SuiteRunner.java:421)\r\n\tat org.testng.SuiteRunner.runSequentially(SuiteRunner.java:413)\r\n\tat org.testng.SuiteRunner.privateRun(SuiteRunner.java:373)\r\n\tat org.testng.SuiteRunner.run(SuiteRunner.java:312)\r\n\tat org.testng.SuiteRunnerWorker.runSuite(SuiteRunnerWorker.java:52)\r\n\tat org.testng.SuiteRunnerWorker.run(SuiteRunnerWorker.java:95)\r\n\tat org.testng.TestNG.runSuitesSequentially(TestNG.java:1274)\r\n\tat org.testng.TestNG.runSuitesLocally(TestNG.java:1208)\r\n\tat org.testng.TestNG.runSuites(TestNG.java:1112)\r\n\tat org.testng.TestNG.run(TestNG.java:1079)\r\n\tat org.testng.remote.AbstractRemoteTestNG.run(AbstractRemoteTestNG.java:115)\r\n\tat org.testng.remote.RemoteTestNG.initAndRun(RemoteTestNG.java:293)\r\n\tat org.testng.remote.RemoteTestNG.main(RemoteTestNG.java:91)\r\n"
    }
  ]
}