<!DOCTYPE html PUBLIC "-//W3C//DTD XHTML 1.1//EN" "https://www.w3.org/TR/xhtml11/DTD/xhtml11.dtd">
<html xmlns="https://www.w3.org/1999/xhtml">
<head>
<meta http-equiv="content-type" content="text/html; charset=UTF-8"/>
<title>TestNG Report</title>
<style type="text/css">table {margin-bottom:10px;border-collapse:collapse;empty-cells:show}th,td {border:1px solid #009;padding:.25em .5em}th {vertical-align:bottom}td {vertical-align:top}table a {font-weight:bold}.stripe td {background-color: #E6EBF9}.num {text-align:right}.passedodd td {background-color: #3F3}.passedeven td {background-color: #0A0}.skippedodd td {background-color: #DDD}.skippedeven td {background-color: #CCC}.failedodd td,.attn {background-color: #F33}.failedeven td,.stripe .attn {background-color: #D00}.stacktrace {white-space:pre;font-family:monospace}.totop {font-size:85%;text-align:center;border-bottom:2px solid #000}.invisible {display:none}</style>
</head>
<body>
<table>
<tr><th>Test</th><th># Passed</th><th># Skipped</th><th># Retried</th><th># Failed</th><th>Time (ms)</th><th>Included Groups</th><th>Excluded Groups</th></tr>
<tr><th colspan="8">DummyJSON Products Suite</th></tr>
<tr><td><a href="#t0">Test</a></td><td class="num">6</td><td class="num">0</td><td class="num">0</td><td class="num attn">2</td><td class="num">5,320</td><td></td><td></td></tr>
</table>
<table id='summary'><thead><tr><th>Class</th><th>Method</th><th>Start</th><th>Time (ms)</th></tr></thead><tbody><tr><th colspan="4">DummyJSON Products Suite</th></tr></tbody><tbody id="t0"><tr><th colspan="4">Test &#8212; failed</th></tr><tr class="failedeven"><td rowspan="1">edu.qts.tests.ProductTest2</td><td><a href="#m0">addProduct</a></td><td rowspan="1">1765868029830</td><td rowspan="1">411</td></tr><tr class="failedodd"><td rowspan="1">edu.qts.tests.ProductTest3</td><td><a href="#m1">selectProductTitle</a></td><td rowspan="1">1765868031688</td><td rowspan="1">316</td></tr><tr><th colspan="4">Test &#8212; passed</th></tr><tr class="passedeven"><td rowspan="2">edu.qts.tests.ProductTest1</td><td><a href="#m2">getProductById</a></td><td rowspan="1">1765868026922</td><td rowspan="1">2564</td></tr><tr class="passedeven"><td><a href="#m3">getProductCategories</a></td><td rowspan="1">1765868029493</td><td rowspan="1">334</td></tr><tr class="passedodd"><td rowspan="2">edu.qts.tests.ProductTest2</td><td><a href="#m4">deleteProductById</a></td><td rowspan="1">1765868030255</td><td rowspan="1">387</td></tr><tr class="passedodd"><td><a href="#m5">updateProductById</a></td><td rowspan="1">1765868030644</td><td rowspan="1">359</td></tr><tr class="passedeven"><td rowspan="2">edu.qts.tests.ProductTest3</td><td><a href="#m6">getProductCategoriesList</a></td><td rowspan="1">1765868031006</td><td rowspan="1">320</td></tr><tr class="passedeven"><td><a href="#m7">selectProductPrice</a></td><td rowspan="1">1765868031328</td><td rowspan="1">358</td></tr></tbody>
</table>
<h2>Test</h2><h3 id="m0">edu.qts.tests.ProductTest2#addProduct</h3><table class="result"><tr><th>Exception</th></tr><tr><td><div class="stacktrace">java.lang.AssertionError: 1 expectation failed.
Response body doesn&apos;t match expectation.
Expected: The content to match the given JSON schema.
error: object has missing required properties ([&quot;title&quot;])
    level: &quot;error&quot;
    schema: {&quot;loadingURI&quot;:&quot;file:/D:/DummyJSONWithAIApproaches/DummyJSONAPIS/target/test-classes/schemas/json-schema-AddProduct.json#&quot;,&quot;pointer&quot;:&quot;&quot;}
    instance: {&quot;pointer&quot;:&quot;&quot;}
    domain: &quot;validation&quot;
    keyword: &quot;required&quot;
    required: [&quot;id&quot;,&quot;title&quot;]
    missing: [&quot;title&quot;]

  Actual: {&quot;id&quot;:195}

	at org.codehaus.groovy.runtime.callsite.ConstructorSite$ConstructorSiteNoUnwrapNoCoerce.callConstructor(ConstructorSite.java:108)
	at org.codehaus.groovy.runtime.callsite.CallSiteArray.defaultCallConstructor(CallSiteArray.java:57)
	at org.codehaus.groovy.runtime.callsite.AbstractCallSite.callConstructor(AbstractCallSite.java:263)
	at org.codehaus.groovy.runtime.callsite.AbstractCallSite.callConstructor(AbstractCallSite.java:277)
	at io.restassured.internal.ResponseSpecificationImpl$HamcrestAssertionClosure.validate(ResponseSpecificationImpl.groovy:512)
	at io.restassured.internal.ResponseSpecificationImpl$HamcrestAssertionClosure$validate$1.call(Unknown Source)
	at io.restassured.internal.ResponseSpecificationImpl.validateResponseIfRequired(ResponseSpecificationImpl.groovy:696)
	at io.restassured.internal.ResponseSpecificationImpl.this$2$validateResponseIfRequired(ResponseSpecificationImpl.groovy)
	at org.codehaus.groovy.runtime.callsite.PlainObjectMetaMethodSite.doInvoke(PlainObjectMetaMethodSite.java:43)
	at org.codehaus.groovy.runtime.callsite.PogoMetaMethodSite$PogoCachedMethodSiteNoUnwrapNoCoerce.invoke(PogoMetaMethodSite.java:198)
	at org.codehaus.groovy.runtime.callsite.PogoMetaMethodSite.callCurrent(PogoMetaMethodSite.java:62)
	at org.codehaus.groovy.runtime.callsite.AbstractCallSite.callCurrent(AbstractCallSite.java:185)
	at io.restassured.internal.ResponseSpecificationImpl.body(ResponseSpecificationImpl.groovy:107)
	at io.restassured.internal.ValidatableResponseOptionsImpl.body(ValidatableResponseOptionsImpl.java:238)
	at edu.qts.responsevalidation.ProductTest2ResponseValidation.validateAddProduct(ProductTest2ResponseValidation.java:20)
	at edu.qts.tests.ProductTest2.addProduct(ProductTest2.java:21)
	at java.base/java.util.ArrayList.forEach(ArrayList.java:1597)
... Removed 31 stack frames</div></td></tr></table><p class="totop"><a href="#summary">back to summary</a></p>
<h3 id="m1">edu.qts.tests.ProductTest3#selectProductTitle</h3><table class="result"><tr><th>Exception</th></tr><tr><td><div class="stacktrace">java.lang.AssertionError: 1 expectation failed.
Response body doesn&apos;t match expectation.
Expected: The content to match the given JSON schema.
error: object has missing required properties ([&quot;title&quot;])
    level: &quot;error&quot;
    schema: {&quot;loadingURI&quot;:&quot;file:/D:/DummyJSONWithAIApproaches/DummyJSONAPIS/target/test-classes/schemas/json-schema-SelectProductTitle.json#&quot;,&quot;pointer&quot;:&quot;/properties/products/items&quot;}
    instance: {&quot;pointer&quot;:&quot;/products/0&quot;}
    domain: &quot;validation&quot;
    keyword: &quot;required&quot;
    required: [&quot;id&quot;,&quot;title&quot;]
    missing: [&quot;title&quot;]
error: object has missing required properties ([&quot;title&quot;])
    level: &quot;error&quot;
    schema: {&quot;loadingURI&quot;:&quot;file:/D:/DummyJSONWithAIApproaches/DummyJSONAPIS/target/test-classes/schemas/json-schema-SelectProductTitle.json#&quot;,&quot;pointer&quot;:&quot;/properties/products/items&quot;}
    instance: {&quot;pointer&quot;:&quot;/products/1&quot;}
    domain: &quot;validation&quot;
    keyword: &quot;required&quot;
    required: [&quot;id&quot;,&quot;title&quot;]
    missing: [&quot;title&quot;]
error: object has missing required properties ([&quot;title&quot;])
    level: &quot;error&quot;
    schema: {&quot;loadingURI&quot;:&quot;file:/D:/DummyJSONWithAIApproaches/DummyJSONAPIS/target/test-classes/schemas/json-schema-SelectProductTitle.json#&quot;,&quot;pointer&quot;:&quot;/properties/products/items&quot;}
    instance: {&quot;pointer&quot;:&quot;/products/2&quot;}
    domain: &quot;validation&quot;
    keyword: &quot;required&quot;
    required: [&quot;id&quot;,&quot;title&quot;]
    missing: [&quot;title&quot;]
error: object has missing required properties ([&quot;title&quot;])
    level: &quot;error&quot;
    schema: {&quot;loadingURI&quot;:&quot;file:/D:/DummyJSONWithAIApproaches/DummyJSONAPIS/target/test-classes/schemas/json-schema-SelectProductTitle.json#&quot;,&quot;pointer&quot;:&quot;/properties/products/items&quot;}
    instance: {&quot;pointer&quot;:&quot;/products/3&quot;}
    domain: &quot;validation&quot;
    keyword: &quot;required&quot;
    required: [&quot;id&quot;,&quot;title&quot;]
    missing: [&quot;title&quot;]

  Actual: {&quot;products&quot;:[{&quot;id&quot;:1},{&quot;id&quot;:2},{&quot;id&quot;:3},{&quot;id&quot;:4}],&quot;total&quot;:194,&quot;skip&quot;:0,&quot;limit&quot;:4}

	at org.codehaus.groovy.runtime.callsite.ConstructorSite$ConstructorSiteNoUnwrapNoCoerce.callConstructor(ConstructorSite.java:108)
	at org.codehaus.groovy.runtime.callsite.AbstractCallSite.callConstructor(AbstractCallSite.java:277)
	at io.restassured.internal.ResponseSpecificationImpl$HamcrestAssertionClosure.validate(ResponseSpecificationImpl.groovy:512)
	at io.restassured.internal.ResponseSpecificationImpl$HamcrestAssertionClosure$validate$1.call(Unknown Source)
	at io.restassured.internal.ResponseSpecificationImpl.validateResponseIfRequired(ResponseSpecificationImpl.groovy:696)
	at io.restassured.internal.ResponseSpecificationImpl.this$2$validateResponseIfRequired(ResponseSpecificationImpl.groovy)
	at org.codehaus.groovy.runtime.callsite.PlainObjectMetaMethodSite.doInvoke(PlainObjectMetaMethodSite.java:43)
	at org.codehaus.groovy.runtime.callsite.PogoMetaMethodSite$PogoCachedMethodSiteNoUnwrapNoCoerce.invoke(PogoMetaMethodSite.java:198)
	at org.codehaus.groovy.runtime.callsite.PogoMetaMethodSite.callCurrent(PogoMetaMethodSite.java:62)
	at org.codehaus.groovy.runtime.callsite.AbstractCallSite.callCurrent(AbstractCallSite.java:185)
	at io.restassured.internal.ResponseSpecificationImpl.body(ResponseSpecificationImpl.groovy:107)
	at io.restassured.internal.ValidatableResponseOptionsImpl.body(ValidatableResponseOptionsImpl.java:238)
	at edu.qts.responsevalidation.ProductTest3ResponseValidation.validateSelectproductTitle(ProductTest3ResponseValidation.java:30)
	at edu.qts.tests.ProductTest3.selectProductTitle(ProductTest3.java:31)
	at java.base/java.util.ArrayList.forEach(ArrayList.java:1597)
... Removed 31 stack frames</div></td></tr></table><p class="totop"><a href="#summary">back to summary</a></p>
<h3 id="m2">edu.qts.tests.ProductTest1#getProductById</h3><table class="result"><tr><th class="invisible"/></tr></table><p class="totop"><a href="#summary">back to summary</a></p>
<h3 id="m3">edu.qts.tests.ProductTest1#getProductCategories</h3><table class="result"><tr><th class="invisible"/></tr></table><p class="totop"><a href="#summary">back to summary</a></p>
<h3 id="m4">edu.qts.tests.ProductTest2#deleteProductById</h3><table class="result"><tr><th class="invisible"/></tr></table><p class="totop"><a href="#summary">back to summary</a></p>
<h3 id="m5">edu.qts.tests.ProductTest2#updateProductById</h3><table class="result"><tr><th class="invisible"/></tr></table><p class="totop"><a href="#summary">back to summary</a></p>
<h3 id="m6">edu.qts.tests.ProductTest3#getProductCategoriesList</h3><table class="result"><tr><th class="invisible"/></tr></table><p class="totop"><a href="#summary">back to summary</a></p>
<h3 id="m7">edu.qts.tests.ProductTest3#selectProductPrice</h3><table class="result"><tr><th class="invisible"/></tr></table><p class="totop"><a href="#summary">back to summary</a></p>
</body>
</html>
