<?xml version="1.0" encoding="UTF-8"?>
<testng-results ignored="0" total="8" passed="6" failed="2" skipped="0">
  <reporter-output>
  </reporter-output>
  <suite started-at="2025-12-16T12:23:46 IST" name="DummyJSON Products Suite" finished-at="2025-12-16T12:23:52 IST" duration-ms="5320">
    <groups>
    </groups>
    <test started-at="2025-12-16T12:23:46 IST" name="Test" finished-at="2025-12-16T12:23:52 IST" duration-ms="5320">
      <class name="edu.qts.tests.ProductTest2">
        <test-method signature="addProduct()[pri:0, instance:edu.qts.tests.ProductTest2@4e08711f]" started-at="2025-12-16T12:23:49 IST" name="addProduct" finished-at="2025-12-16T12:23:50 IST" duration-ms="411" status="FAIL">
          <exception class="java.lang.AssertionError">
            <message>
              <![CDATA[1 expectation failed.
Response body doesn't match expectation.
Expected: The content to match the given JSON schema.
error: object has missing required properties (["title"])
    level: "error"
    schema: {"loadingURI":"file:/D:/DummyJSONWithAIApproaches/DummyJSONAPIS/target/test-classes/schemas/json-schema-AddProduct.json#","pointer":""}
    instance: {"pointer":""}
    domain: "validation"
    keyword: "required"
    required: ["id","title"]
    missing: ["title"]

  Actual: {"id":195}
]]>
            </message>
            <full-stacktrace>
              <![CDATA[java.lang.AssertionError: 1 expectation failed.
Response body doesn't match expectation.
Expected: The content to match the given JSON schema.
error: object has missing required properties (["title"])
    level: "error"
    schema: {"loadingURI":"file:/D:/DummyJSONWithAIApproaches/DummyJSONAPIS/target/test-classes/schemas/json-schema-AddProduct.json#","pointer":""}
    instance: {"pointer":""}
    domain: "validation"
    keyword: "required"
    required: ["id","title"]
    missing: ["title"]

  Actual: {"id":195}

at java.base/jdk.internal.reflect.DirectConstructorHandleAccessor.newInstance(DirectConstructorHandleAccessor.java:62)
at java.base/java.lang.reflect.Constructor.newInstanceWithCaller(Constructor.java:502)
at java.base/java.lang.reflect.Constructor.newInstance(Constructor.java:486)
at org.codehaus.groovy.reflection.CachedConstructor.invoke(CachedConstructor.java:73)
at org.codehaus.groovy.runtime.callsite.ConstructorSite$ConstructorSiteNoUnwrapNoCoerce.callConstructor(ConstructorSite.java:108)
at org.codehaus.groovy.runtime.callsite.CallSiteArray.defaultCallConstructor(CallSiteArray.java:57)
at org.codehaus.groovy.runtime.callsite.AbstractCallSite.callConstructor(AbstractCallSite.java:263)
at org.codehaus.groovy.runtime.callsite.AbstractCallSite.callConstructor(AbstractCallSite.java:277)
at io.restassured.internal.ResponseSpecificationImpl$HamcrestAssertionClosure.validate(ResponseSpecificationImpl.groovy:512)
at io.restassured.internal.ResponseSpecificationImpl$HamcrestAssertionClosure$validate$1.call(Unknown Source)
at io.restassured.internal.ResponseSpecificationImpl.validateResponseIfRequired(ResponseSpecificationImpl.groovy:696)
at io.restassured.internal.ResponseSpecificationImpl.this$2$validateResponseIfRequired(ResponseSpecificationImpl.groovy)
at java.base/jdk.internal.reflect.DirectMethodHandleAccessor.invoke(DirectMethodHandleAccessor.java:103)
at java.base/java.lang.reflect.Method.invoke(Method.java:580)
at org.codehaus.groovy.runtime.callsite.PlainObjectMetaMethodSite.doInvoke(PlainObjectMetaMethodSite.java:43)
at org.codehaus.groovy.runtime.callsite.PogoMetaMethodSite$PogoCachedMethodSiteNoUnwrapNoCoerce.invoke(PogoMetaMethodSite.java:198)
at org.codehaus.groovy.runtime.callsite.PogoMetaMethodSite.callCurrent(PogoMetaMethodSite.java:62)
at org.codehaus.groovy.runtime.callsite.AbstractCallSite.callCurrent(AbstractCallSite.java:185)
at io.restassured.internal.ResponseSpecificationImpl.body(ResponseSpecificationImpl.groovy:107)
at io.restassured.internal.ValidatableResponseOptionsImpl.body(ValidatableResponseOptionsImpl.java:238)
at edu.qts.responsevalidation.ProductTest2ResponseValidation.validateAddProduct(ProductTest2ResponseValidation.java:20)
at edu.qts.tests.ProductTest2.addProduct(ProductTest2.java:21)
at java.base/jdk.internal.reflect.DirectMethodHandleAccessor.invoke(DirectMethodHandleAccessor.java:103)
at java.base/java.lang.reflect.Method.invoke(Method.java:580)
at org.testng.internal.invokers.MethodInvocationHelper.invokeMethod(MethodInvocationHelper.java:141)
at org.testng.internal.invokers.TestInvoker.invokeMethod(TestInvoker.java:686)
at org.testng.internal.invokers.TestInvoker.invokeTestMethod(TestInvoker.java:230)
at org.testng.internal.invokers.MethodRunner.runInSequence(MethodRunner.java:63)
at org.testng.internal.invokers.TestInvoker$MethodInvocationAgent.invoke(TestInvoker.java:992)
at org.testng.internal.invokers.TestInvoker.invokeTestMethods(TestInvoker.java:203)
at org.testng.internal.invokers.TestMethodWorker.invokeTestMethods(TestMethodWorker.java:154)
at org.testng.internal.invokers.TestMethodWorker.run(TestMethodWorker.java:134)
at java.base/java.util.ArrayList.forEach(ArrayList.java:1597)
at org.testng.TestRunner.privateRun(TestRunner.java:739)
at org.testng.TestRunner.run(TestRunner.java:614)
at org.testng.SuiteRunner.runTest(SuiteRunner.java:421)
at org.testng.SuiteRunner.runSequentially(SuiteRunner.java:413)
at org.testng.SuiteRunner.privateRun(SuiteRunner.java:373)
at org.testng.SuiteRunner.run(SuiteRunner.java:312)
at org.testng.SuiteRunnerWorker.runSuite(SuiteRunnerWorker.java:52)
at org.testng.SuiteRunnerWorker.run(SuiteRunnerWorker.java:95)
at org.testng.TestNG.runSuitesSequentially(TestNG.java:1274)
at org.testng.TestNG.runSuitesLocally(TestNG.java:1208)
at org.testng.TestNG.runSuites(TestNG.java:1112)
at org.testng.TestNG.run(TestNG.java:1079)
at org.testng.remote.AbstractRemoteTestNG.run(AbstractRemoteTestNG.java:115)
at org.testng.remote.RemoteTestNG.initAndRun(RemoteTestNG.java:293)
at org.testng.remote.RemoteTestNG.main(RemoteTestNG.java:91)
]]>
            </full-stacktrace>
          </exception> <!-- java.lang.AssertionError -->
          <reporter-output>
          </reporter-output>
        </test-method> <!-- addProduct -->
        <test-method is-config="true" signature="cleanup()[pri:0, instance:edu.qts.tests.ProductTest2@4e08711f]" started-at="2025-12-16T12:23:50 IST" name="cleanup" finished-at="2025-12-16T12:23:50 IST" duration-ms="1" status="PASS">
          <reporter-output>
          </reporter-output>
        </test-method> <!-- cleanup -->
        <test-method signature="deleteProductById()[pri:0, instance:edu.qts.tests.ProductTest2@4e08711f]" started-at="2025-12-16T12:23:50 IST" name="deleteProductById" finished-at="2025-12-16T12:23:50 IST" duration-ms="387" status="PASS">
          <reporter-output>
          </reporter-output>
        </test-method> <!-- deleteProductById -->
        <test-method is-config="true" signature="cleanup()[pri:0, instance:edu.qts.tests.ProductTest2@4e08711f]" started-at="2025-12-16T12:23:50 IST" name="cleanup" finished-at="2025-12-16T12:23:50 IST" duration-ms="1" status="PASS">
          <reporter-output>
          </reporter-output>
        </test-method> <!-- cleanup -->
        <test-method signature="updateProductById()[pri:0, instance:edu.qts.tests.ProductTest2@4e08711f]" started-at="2025-12-16T12:23:50 IST" name="updateProductById" finished-at="2025-12-16T12:23:51 IST" duration-ms="359" status="PASS">
          <reporter-output>
          </reporter-output>
        </test-method> <!-- updateProductById -->
        <test-method is-config="true" signature="cleanup()[pri:0, instance:edu.qts.tests.ProductTest2@4e08711f]" started-at="2025-12-16T12:23:51 IST" name="cleanup" finished-at="2025-12-16T12:23:51 IST" duration-ms="1" status="PASS">
          <reporter-output>
          </reporter-output>
        </test-method> <!-- cleanup -->
      </class> <!-- edu.qts.tests.ProductTest2 -->
      <class name="edu.qts.tests.ProductTest3">
        <test-method signature="getProductCategoriesList()[pri:0, instance:edu.qts.tests.ProductTest3@bcec361]" started-at="2025-12-16T12:23:51 IST" name="getProductCategoriesList" finished-at="2025-12-16T12:23:51 IST" duration-ms="320" status="PASS">
          <reporter-output>
          </reporter-output>
        </test-method> <!-- getProductCategoriesList -->
        <test-method signature="selectProductPrice()[pri:0, instance:edu.qts.tests.ProductTest3@bcec361]" started-at="2025-12-16T12:23:51 IST" name="selectProductPrice" finished-at="2025-12-16T12:23:51 IST" duration-ms="358" status="PASS">
          <reporter-output>
          </reporter-output>
        </test-method> <!-- selectProductPrice -->
        <test-method signature="selectProductTitle()[pri:0, instance:edu.qts.tests.ProductTest3@bcec361]" started-at="2025-12-16T12:23:51 IST" name="selectProductTitle" finished-at="2025-12-16T12:23:52 IST" duration-ms="316" status="FAIL">
          <exception class="java.lang.AssertionError">
            <message>
              <![CDATA[1 expectation failed.
Response body doesn't match expectation.
Expected: The content to match the given JSON schema.
error: object has missing required properties (["title"])
    level: "error"
    schema: {"loadingURI":"file:/D:/DummyJSONWithAIApproaches/DummyJSONAPIS/target/test-classes/schemas/json-schema-SelectProductTitle.json#","pointer":"/properties/products/items"}
    instance: {"pointer":"/products/0"}
    domain: "validation"
    keyword: "required"
    required: ["id","title"]
    missing: ["title"]
error: object has missing required properties (["title"])
    level: "error"
    schema: {"loadingURI":"file:/D:/DummyJSONWithAIApproaches/DummyJSONAPIS/target/test-classes/schemas/json-schema-SelectProductTitle.json#","pointer":"/properties/products/items"}
    instance: {"pointer":"/products/1"}
    domain: "validation"
    keyword: "required"
    required: ["id","title"]
    missing: ["title"]
error: object has missing required properties (["title"])
    level: "error"
    schema: {"loadingURI":"file:/D:/DummyJSONWithAIApproaches/DummyJSONAPIS/target/test-classes/schemas/json-schema-SelectProductTitle.json#","pointer":"/properties/products/items"}
    instance: {"pointer":"/products/2"}
    domain: "validation"
    keyword: "required"
    required: ["id","title"]
    missing: ["title"]
error: object has missing required properties (["title"])
    level: "error"
    schema: {"loadingURI":"file:/D:/DummyJSONWithAIApproaches/DummyJSONAPIS/target/test-classes/schemas/json-schema-SelectProductTitle.json#","pointer":"/properties/products/items"}
    instance: {"pointer":"/products/3"}
    domain: "validation"
    keyword: "required"
    required: ["id","title"]
    missing: ["title"]

  Actual: {"products":[{"id":1},{"id":2},{"id":3},{"id":4}],"total":194,"skip":0,"limit":4}
]]>
            </message>
            <full-stacktrace>
              <![CDATA[java.lang.AssertionError: 1 expectation failed.
Response body doesn't match expectation.
Expected: The content to match the given JSON schema.
error: object has missing required properties (["title"])
    level: "error"
    schema: {"loadingURI":"file:/D:/DummyJSONWithAIApproaches/DummyJSONAPIS/target/test-classes/schemas/json-schema-SelectProductTitle.json#","pointer":"/properties/products/items"}
    instance: {"pointer":"/products/0"}
    domain: "validation"
    keyword: "required"
    required: ["id","title"]
    missing: ["title"]
error: object has missing required properties (["title"])
    level: "error"
    schema: {"loadingURI":"file:/D:/DummyJSONWithAIApproaches/DummyJSONAPIS/target/test-classes/schemas/json-schema-SelectProductTitle.json#","pointer":"/properties/products/items"}
    instance: {"pointer":"/products/1"}
    domain: "validation"
    keyword: "required"
    required: ["id","title"]
    missing: ["title"]
error: object has missing required properties (["title"])
    level: "error"
    schema: {"loadingURI":"file:/D:/DummyJSONWithAIApproaches/DummyJSONAPIS/target/test-classes/schemas/json-schema-SelectProductTitle.json#","pointer":"/properties/products/items"}
    instance: {"pointer":"/products/2"}
    domain: "validation"
    keyword: "required"
    required: ["id","title"]
    missing: ["title"]
error: object has missing required properties (["title"])
    level: "error"
    schema: {"loadingURI":"file:/D:/DummyJSONWithAIApproaches/DummyJSONAPIS/target/test-classes/schemas/json-schema-SelectProductTitle.json#","pointer":"/properties/products/items"}
    instance: {"pointer":"/products/3"}
    domain: "validation"
    keyword: "required"
    required: ["id","title"]
    missing: ["title"]

  Actual: {"products":[{"id":1},{"id":2},{"id":3},{"id":4}],"total":194,"skip":0,"limit":4}

at java.base/jdk.internal.reflect.DirectConstructorHandleAccessor.newInstance(DirectConstructorHandleAccessor.java:62)
at java.base/java.lang.reflect.Constructor.newInstanceWithCaller(Constructor.java:502)
at java.base/java.lang.reflect.Constructor.newInstance(Constructor.java:486)
at org.codehaus.groovy.reflection.CachedConstructor.invoke(CachedConstructor.java:73)
at org.codehaus.groovy.runtime.callsite.ConstructorSite$ConstructorSiteNoUnwrapNoCoerce.callConstructor(ConstructorSite.java:108)
at org.codehaus.groovy.runtime.callsite.AbstractCallSite.callConstructor(AbstractCallSite.java:277)
at io.restassured.internal.ResponseSpecificationImpl$HamcrestAssertionClosure.validate(ResponseSpecificationImpl.groovy:512)
at io.restassured.internal.ResponseSpecificationImpl$HamcrestAssertionClosure$validate$1.call(Unknown Source)
at io.restassured.internal.ResponseSpecificationImpl.validateResponseIfRequired(ResponseSpecificationImpl.groovy:696)
at io.restassured.internal.ResponseSpecificationImpl.this$2$validateResponseIfRequired(ResponseSpecificationImpl.groovy)
at java.base/jdk.internal.reflect.DirectMethodHandleAccessor.invoke(DirectMethodHandleAccessor.java:103)
at java.base/java.lang.reflect.Method.invoke(Method.java:580)
at org.codehaus.groovy.runtime.callsite.PlainObjectMetaMethodSite.doInvoke(PlainObjectMetaMethodSite.java:43)
at org.codehaus.groovy.runtime.callsite.PogoMetaMethodSite$PogoCachedMethodSiteNoUnwrapNoCoerce.invoke(PogoMetaMethodSite.java:198)
at org.codehaus.groovy.runtime.callsite.PogoMetaMethodSite.callCurrent(PogoMetaMethodSite.java:62)
at org.codehaus.groovy.runtime.callsite.AbstractCallSite.callCurrent(AbstractCallSite.java:185)
at io.restassured.internal.ResponseSpecificationImpl.body(ResponseSpecificationImpl.groovy:107)
at io.restassured.internal.ValidatableResponseOptionsImpl.body(ValidatableResponseOptionsImpl.java:238)
at edu.qts.responsevalidation.ProductTest3ResponseValidation.validateSelectproductTitle(ProductTest3ResponseValidation.java:30)
at edu.qts.tests.ProductTest3.selectProductTitle(ProductTest3.java:31)
at java.base/jdk.internal.reflect.DirectMethodHandleAccessor.invoke(DirectMethodHandleAccessor.java:103)
at java.base/java.lang.reflect.Method.invoke(Method.java:580)
at org.testng.internal.invokers.MethodInvocationHelper.invokeMethod(MethodInvocationHelper.java:141)
at org.testng.internal.invokers.TestInvoker.invokeMethod(TestInvoker.java:686)
at org.testng.internal.invokers.TestInvoker.invokeTestMethod(TestInvoker.java:230)
at org.testng.internal.invokers.MethodRunner.runInSequence(MethodRunner.java:63)
at org.testng.internal.invokers.TestInvoker$MethodInvocationAgent.invoke(TestInvoker.java:992)
at org.testng.internal.invokers.TestInvoker.invokeTestMethods(TestInvoker.java:203)
at org.testng.internal.invokers.TestMethodWorker.invokeTestMethods(TestMethodWorker.java:154)
at org.testng.internal.invokers.TestMethodWorker.run(TestMethodWorker.java:134)
at java.base/java.util.ArrayList.forEach(ArrayList.java:1597)
at org.testng.TestRunner.privateRun(TestRunner.java:739)
at org.testng.TestRunner.run(TestRunner.java:614)
at org.testng.SuiteRunner.runTest(SuiteRunner.java:421)
at org.testng.SuiteRunner.runSequentially(SuiteRunner.java:413)
at org.testng.SuiteRunner.privateRun(SuiteRunner.java:373)
at org.testng.SuiteRunner.run(SuiteRunner.java:312)
at org.testng.SuiteRunnerWorker.runSuite(SuiteRunnerWorker.java:52)
at org.testng.SuiteRunnerWorker.run(SuiteRunnerWorker.java:95)
at org.testng.TestNG.runSuitesSequentially(TestNG.java:1274)
at org.testng.TestNG.runSuitesLocally(TestNG.java:1208)
at org.testng.TestNG.runSuites(TestNG.java:1112)
at org.testng.TestNG.run(TestNG.java:1079)
at org.testng.remote.AbstractRemoteTestNG.run(AbstractRemoteTestNG.java:115)
at org.testng.remote.RemoteTestNG.initAndRun(RemoteTestNG.java:293)
at org.testng.remote.RemoteTestNG.main(RemoteTestNG.java:91)
]]>
            </full-stacktrace>
          </exception> <!-- java.lang.AssertionError -->
          <reporter-output>
          </reporter-output>
        </test-method> <!-- selectProductTitle -->
      </class> <!-- edu.qts.tests.ProductTest3 -->
      <class name="edu.qts.tests.ProductTest1">
        <test-method is-config="true" signature="globalSetup()[pri:0, instance:edu.qts.tests.ProductTest1@7c6908d7]" started-at="2025-12-16T12:23:46 IST" name="globalSetup" finished-at="2025-12-16T12:23:46 IST" duration-ms="423" status="PASS">
          <reporter-output>
          </reporter-output>
        </test-method> <!-- globalSetup -->
        <test-method signature="getProductById()[pri:0, instance:edu.qts.tests.ProductTest1@7c6908d7]" started-at="2025-12-16T12:23:46 IST" name="getProductById" finished-at="2025-12-16T12:23:49 IST" duration-ms="2564" status="PASS">
          <reporter-output>
          </reporter-output>
        </test-method> <!-- getProductById -->
        <test-method is-config="true" signature="cleanup()[pri:0, instance:edu.qts.tests.ProductTest1@7c6908d7]" started-at="2025-12-16T12:23:49 IST" name="cleanup" finished-at="2025-12-16T12:23:49 IST" duration-ms="1" status="PASS">
          <reporter-output>
          </reporter-output>
        </test-method> <!-- cleanup -->
        <test-method signature="getProductCategories()[pri:1, instance:edu.qts.tests.ProductTest1@7c6908d7]" started-at="2025-12-16T12:23:49 IST" name="getProductCategories" finished-at="2025-12-16T12:23:49 IST" duration-ms="334" status="PASS">
          <reporter-output>
          </reporter-output>
        </test-method> <!-- getProductCategories -->
        <test-method is-config="true" signature="cleanup()[pri:0, instance:edu.qts.tests.ProductTest1@7c6908d7]" started-at="2025-12-16T12:23:49 IST" name="cleanup" finished-at="2025-12-16T12:23:49 IST" duration-ms="0" status="PASS">
          <reporter-output>
          </reporter-output>
        </test-method> <!-- cleanup -->
      </class> <!-- edu.qts.tests.ProductTest1 -->
    </test> <!-- Test -->
  </suite> <!-- DummyJSON Products Suite -->
</testng-results>
