<?xml version="1.0" encoding="UTF-8"?>
<!-- Generated by org.testng.reporters.JUnitReportReporter -->
<testsuite hostname="Annam_Deepak" failures="1" tests="3" name="edu.qts.tests.ProductTest3" time="0.994" errors="0" timestamp="2025-12-16T12:50:52 IST" skipped="0">
  <testcase classname="edu.qts.tests.ProductTest3" name="selectProductTitle" time="0.316">
    <failure message="1 expectation failed.
Response body doesn&#039;t match expectation.
Expected: The content to match the given JSON schema.
error: object has missing required properties ([&quot;title&quot;])
    level: &quot;error&quot;
    schema: {&quot;loadingURI&quot;:&quot;file:/D:/DummyJSONWithAIApproaches/DummyJSONAPIS/target/test-classes/schemas/json-schema-SelectProductTitle.json#&quot;,&quot;pointer&quot;:&quot;/properties/products/items&quot;}
    instance: {&quot;pointer&quot;:&quot;/products/0&quot;}
    domain: &quot;validation&quot;
    keyword: &quot;required&quot;
    required: [&quot;id&quot;,&quot;title&quot;]
    missing: [&quot;title&quot;]
error: object has missing required properties ([&quot;title&quot;])
    level: &quot;error&quot;
    schema: {&quot;loadingURI&quot;:&quot;file:/D:/DummyJSONWithAIApproaches/DummyJSONAPIS/target/test-classes/schemas/json-schema-SelectProductTitle.json#&quot;,&quot;pointer&quot;:&quot;/properties/products/items&quot;}
    instance: {&quot;pointer&quot;:&quot;/products/1&quot;}
    domain: &quot;validation&quot;
    keyword: &quot;required&quot;
    required: [&quot;id&quot;,&quot;title&quot;]
    missing: [&quot;title&quot;]
error: object has missing required properties ([&quot;title&quot;])
    level: &quot;error&quot;
    schema: {&quot;loadingURI&quot;:&quot;file:/D:/DummyJSONWithAIApproaches/DummyJSONAPIS/target/test-classes/schemas/json-schema-SelectProductTitle.json#&quot;,&quot;pointer&quot;:&quot;/properties/products/items&quot;}
    instance: {&quot;pointer&quot;:&quot;/products/2&quot;}
    domain: &quot;validation&quot;
    keyword: &quot;required&quot;
    required: [&quot;id&quot;,&quot;title&quot;]
    missing: [&quot;title&quot;]
error: object has missing required properties ([&quot;title&quot;])
    level: &quot;error&quot;
    schema: {&quot;loadingURI&quot;:&quot;file:/D:/DummyJSONWithAIApproaches/DummyJSONAPIS/target/test-classes/schemas/json-schema-SelectProductTitle.json#&quot;,&quot;pointer&quot;:&quot;/properties/products/items&quot;}
    instance: {&quot;pointer&quot;:&quot;/products/3&quot;}
    domain: &quot;validation&quot;
    keyword: &quot;required&quot;
    required: [&quot;id&quot;,&quot;title&quot;]
    missing: [&quot;title&quot;]

  Actual: {&quot;products&quot;:[{&quot;id&quot;:1},{&quot;id&quot;:2},{&quot;id&quot;:3},{&quot;id&quot;:4}],&quot;total&quot;:194,&quot;skip&quot;:0,&quot;limit&quot;:4}
" type="java.lang.AssertionError">
      <![CDATA[java.lang.AssertionError: 1 expectation failed.
Response body doesn't match expectation.
Expected: The content to match the given JSON schema.
error: object has missing required properties (["title"])
    level: "error"
    schema: {"loadingURI":"file:/D:/DummyJSONWithAIApproaches/DummyJSONAPIS/target/test-classes/schemas/json-schema-SelectProductTitle.json#","pointer":"/properties/products/items"}
    instance: {"pointer":"/products/0"}
    domain: "validation"
    keyword: "required"
    required: ["id","title"]
    missing: ["title"]
error: object has missing required properties (["title"])
    level: "error"
    schema: {"loadingURI":"file:/D:/DummyJSONWithAIApproaches/DummyJSONAPIS/target/test-classes/schemas/json-schema-SelectProductTitle.json#","pointer":"/properties/products/items"}
    instance: {"pointer":"/products/1"}
    domain: "validation"
    keyword: "required"
    required: ["id","title"]
    missing: ["title"]
error: object has missing required properties (["title"])
    level: "error"
    schema: {"loadingURI":"file:/D:/DummyJSONWithAIApproaches/DummyJSONAPIS/target/test-classes/schemas/json-schema-SelectProductTitle.json#","pointer":"/properties/products/items"}
    instance: {"pointer":"/products/2"}
    domain: "validation"
    keyword: "required"
    required: ["id","title"]
    missing: ["title"]
error: object has missing required properties (["title"])
    level: "error"
    schema: {"loadingURI":"file:/D:/DummyJSONWithAIApproaches/DummyJSONAPIS/target/test-classes/schemas/json-schema-SelectProductTitle.json#","pointer":"/properties/products/items"}
    instance: {"pointer":"/products/3"}
    domain: "validation"
    keyword: "required"
    required: ["id","title"]
    missing: ["title"]

  Actual: {"products":[{"id":1},{"id":2},{"id":3},{"id":4}],"total":194,"skip":0,"limit":4}

at java.base/jdk.internal.reflect.DirectConstructorHandleAccessor.newInstance(DirectConstructorHandleAccessor.java:62)
at java.base/java.lang.reflect.Constructor.newInstanceWithCaller(Constructor.java:502)
at java.base/java.lang.reflect.Constructor.newInstance(Constructor.java:486)
at org.codehaus.groovy.reflection.CachedConstructor.invoke(CachedConstructor.java:73)
at org.codehaus.groovy.runtime.callsite.ConstructorSite$ConstructorSiteNoUnwrapNoCoerce.callConstructor(ConstructorSite.java:108)
at org.codehaus.groovy.runtime.callsite.AbstractCallSite.callConstructor(AbstractCallSite.java:277)
at io.restassured.internal.ResponseSpecificationImpl$HamcrestAssertionClosure.validate(ResponseSpecificationImpl.groovy:512)
at io.restassured.internal.ResponseSpecificationImpl$HamcrestAssertionClosure$validate$1.call(Unknown Source)
at io.restassured.internal.ResponseSpecificationImpl.validateResponseIfRequired(ResponseSpecificationImpl.groovy:696)
at io.restassured.internal.ResponseSpecificationImpl.this$2$validateResponseIfRequired(ResponseSpecificationImpl.groovy)
at java.base/jdk.internal.reflect.DirectMethodHandleAccessor.invoke(DirectMethodHandleAccessor.java:103)
at java.base/java.lang.reflect.Method.invoke(Method.java:580)
at org.codehaus.groovy.runtime.callsite.PlainObjectMetaMethodSite.doInvoke(PlainObjectMetaMethodSite.java:43)
at org.codehaus.groovy.runtime.callsite.PogoMetaMethodSite$PogoCachedMethodSiteNoUnwrapNoCoerce.invoke(PogoMetaMethodSite.java:198)
at org.codehaus.groovy.runtime.callsite.PogoMetaMethodSite.callCurrent(PogoMetaMethodSite.java:62)
at org.codehaus.groovy.runtime.callsite.AbstractCallSite.callCurrent(AbstractCallSite.java:185)
at io.restassured.internal.ResponseSpecificationImpl.body(ResponseSpecificationImpl.groovy:107)
at io.restassured.internal.ValidatableResponseOptionsImpl.body(ValidatableResponseOptionsImpl.java:238)
at edu.qts.responsevalidation.ProductTest3ResponseValidation.validateSelectproductTitle(ProductTest3ResponseValidation.java:30)
at edu.qts.tests.ProductTest3.selectProductTitle(ProductTest3.java:31)
at java.base/jdk.internal.reflect.DirectMethodHandleAccessor.invoke(DirectMethodHandleAccessor.java:103)
at java.base/java.lang.reflect.Method.invoke(Method.java:580)
at org.testng.internal.invokers.MethodInvocationHelper.invokeMethod(MethodInvocationHelper.java:141)
at org.testng.internal.invokers.TestInvoker.invokeMethod(TestInvoker.java:686)
at org.testng.internal.invokers.TestInvoker.invokeTestMethod(TestInvoker.java:230)
at org.testng.internal.invokers.MethodRunner.runInSequence(MethodRunner.java:63)
at org.testng.internal.invokers.TestInvoker$MethodInvocationAgent.invoke(TestInvoker.java:992)
at org.testng.internal.invokers.TestInvoker.invokeTestMethods(TestInvoker.java:203)
at org.testng.internal.invokers.TestMethodWorker.invokeTestMethods(TestMethodWorker.java:154)
at org.testng.internal.invokers.TestMethodWorker.run(TestMethodWorker.java:134)
at java.base/java.util.ArrayList.forEach(ArrayList.java:1597)
at org.testng.TestRunner.privateRun(TestRunner.java:739)
at org.testng.TestRunner.run(TestRunner.java:614)
at org.testng.SuiteRunner.runTest(SuiteRunner.java:421)
at org.testng.SuiteRunner.runSequentially(SuiteRunner.java:413)
at org.testng.SuiteRunner.privateRun(SuiteRunner.java:373)
at org.testng.SuiteRunner.run(SuiteRunner.java:312)
at org.testng.SuiteRunnerWorker.runSuite(SuiteRunnerWorker.java:52)
at org.testng.SuiteRunnerWorker.run(SuiteRunnerWorker.java:95)
at org.testng.TestNG.runSuitesSequentially(TestNG.java:1274)
at org.testng.TestNG.runSuitesLocally(TestNG.java:1208)
at org.testng.TestNG.runSuites(TestNG.java:1112)
at org.testng.TestNG.run(TestNG.java:1079)
at org.testng.remote.AbstractRemoteTestNG.run(AbstractRemoteTestNG.java:115)
at org.testng.remote.RemoteTestNG.initAndRun(RemoteTestNG.java:293)
at org.testng.remote.RemoteTestNG.main(RemoteTestNG.java:91)
]]>
    </failure>
  </testcase> <!-- selectProductTitle -->
  <testcase classname="edu.qts.tests.ProductTest3" name="selectProductPrice" time="0.358"/>
  <testcase classname="edu.qts.tests.ProductTest3" name="getProductCategoriesList" time="0.320"/>
</testsuite> <!-- edu.qts.tests.ProductTest3 -->
