<?xml version="1.0" encoding="UTF-8"?>
<!-- Generated by org.testng.reporters.JUnitReportReporter -->
<testsuite hostname="Annam_Deepak" failures="0" tests="3" name="edu.qts.tests.ProductTest1" time="2.899" errors="0" timestamp="2025-12-16T12:50:52 IST" skipped="1">
  <testcase classname="edu.qts.tests.ProductTest1" name="getProductById" time="2.564"/>
  <testcase classname="edu.qts.tests.ProductTest1" name="getProductCategories" time="0.335"/>
  <testcase classname="edu.qts.tests.ProductTest1" name="getProductsByLimit">
    <skipped/>
  </testcase> <!-- getProductsByLimit -->
</testsuite> <!-- edu.qts.tests.ProductTest1 -->
